[INF][13.9.2019, 17:54:48] Hooking dom-ready
[INF][13.9.2019, 17:54:50] Hooked dom-ready
[INF][13.9.2019, 17:54:50] Getting updater
[INF][13.9.2019, 17:54:50] Latest Version: 0.3.2
[INF][13.9.2019, 17:54:50] Getting commit hash
[INF][13.9.2019, 17:54:53] 45916aef50206a8fd7613224cc5d7e52d9f3ef0e
[INF][13.9.2019, 17:54:53] Using hash: 45916aef50206a8fd7613224cc5d7e52d9f3ef0e
[INF][13.9.2019, 17:54:53] Loading
[INF][13.9.2019, 17:54:53] Loading Resource (//ajax.googleapis.com/ajax/libs/jquery/2.0.0/jquery.min.js)
[INF][13.9.2019, 17:54:53] Loading Resource (//cdn.staticaly.com/gh/rauenzi/BetterDiscordApp/45916aef50206a8fd7613224cc5d7e52d9f3ef0e/css/main.min.css)
[INF][13.9.2019, 17:54:53] Loading Resource (//cdn.staticaly.com/gh/rauenzi/BetterDiscordApp/45916aef50206a8fd7613224cc5d7e52d9f3ef0e/js/main.min.js)
[INF][13.9.2019, 17:54:53] Starting Up
[INF][13.9.2019, 17:57:45] Hooked dom-ready
[INF][13.9.2019, 17:57:45] Getting updater
[INF][13.9.2019, 17:57:45] Latest Version: 0.3.2
[INF][13.9.2019, 17:57:45] Getting commit hash
[INF][13.9.2019, 17:57:48] 45916aef50206a8fd7613224cc5d7e52d9f3ef0e
[INF][13.9.2019, 17:57:48] Using hash: 45916aef50206a8fd7613224cc5d7e52d9f3ef0e
[INF][13.9.2019, 17:57:48] Loading
[INF][13.9.2019, 17:57:48] Loading Resource (//ajax.googleapis.com/ajax/libs/jquery/2.0.0/jquery.min.js)
[INF][13.9.2019, 17:57:48] Loading Resource (//cdn.staticaly.com/gh/rauenzi/BetterDiscordApp/45916aef50206a8fd7613224cc5d7e52d9f3ef0e/css/main.min.css)
[INF][13.9.2019, 17:57:48] Loading Resource (//cdn.staticaly.com/gh/rauenzi/BetterDiscordApp/45916aef50206a8fd7613224cc5d7e52d9f3ef0e/js/main.min.js)
[INF][13.9.2019, 17:57:48] Starting Up
[INF][13.9.2019, 17:59:33] Hooked dom-ready
[INF][13.9.2019, 17:59:33] Getting updater
[INF][13.9.2019, 17:59:33] Latest Version: 0.3.2
[INF][13.9.2019, 17:59:33] Getting commit hash
[INF][13.9.2019, 17:59:34] 45916aef50206a8fd7613224cc5d7e52d9f3ef0e
[INF][13.9.2019, 17:59:34] Using hash: 45916aef50206a8fd7613224cc5d7e52d9f3ef0e
[INF][13.9.2019, 17:59:34] Loading
[INF][13.9.2019, 17:59:36] Loading Resource (//ajax.googleapis.com/ajax/libs/jquery/2.0.0/jquery.min.js)
[INF][13.9.2019, 17:59:36] Loading Resource (//cdn.staticaly.com/gh/rauenzi/BetterDiscordApp/45916aef50206a8fd7613224cc5d7e52d9f3ef0e/css/main.min.css)
[INF][13.9.2019, 17:59:36] Loading Resource (//cdn.staticaly.com/gh/rauenzi/BetterDiscordApp/45916aef50206a8fd7613224cc5d7e52d9f3ef0e/js/main.min.js)
[INF][13.9.2019, 17:59:36] Starting Up
[INF][13.9.2019, 19:11:24] Hooked dom-ready
[INF][13.9.2019, 19:11:24] Getting updater
[INF][13.9.2019, 19:11:24] Latest Version: 0.3.2
[INF][13.9.2019, 19:11:24] Getting commit hash
[INF][13.9.2019, 19:11:28] 45916aef50206a8fd7613224cc5d7e52d9f3ef0e
[INF][13.9.2019, 19:11:28] Using hash: 45916aef50206a8fd7613224cc5d7e52d9f3ef0e
[INF][13.9.2019, 19:11:28] Loading
[INF][13.9.2019, 19:11:28] Loading Resource (//ajax.googleapis.com/ajax/libs/jquery/2.0.0/jquery.min.js)
[INF][13.9.2019, 19:11:28] Loading Resource (//cdn.staticaly.com/gh/rauenzi/BetterDiscordApp/45916aef50206a8fd7613224cc5d7e52d9f3ef0e/css/main.min.css)
[INF][13.9.2019, 19:11:28] Loading Resource (//cdn.staticaly.com/gh/rauenzi/BetterDiscordApp/45916aef50206a8fd7613224cc5d7e52d9f3ef0e/js/main.min.js)
[INF][13.9.2019, 19:11:28] Starting Up
[INF][13.9.2019, 19:14:08] Hooked dom-ready
[INF][13.9.2019, 19:14:08] Getting updater
[INF][13.9.2019, 19:14:08] Latest Version: 0.3.2
[INF][13.9.2019, 19:14:08] Getting commit hash
[INF][13.9.2019, 19:14:11] 45916aef50206a8fd7613224cc5d7e52d9f3ef0e
[INF][13.9.2019, 19:14:11] Using hash: 45916aef50206a8fd7613224cc5d7e52d9f3ef0e
[INF][13.9.2019, 19:14:11] Loading
[INF][13.9.2019, 19:14:12] Loading Resource (//ajax.googleapis.com/ajax/libs/jquery/2.0.0/jquery.min.js)
[INF][13.9.2019, 19:14:12] Loading Resource (//cdn.staticaly.com/gh/rauenzi/BetterDiscordApp/45916aef50206a8fd7613224cc5d7e52d9f3ef0e/css/main.min.css)
[INF][13.9.2019, 19:14:12] Loading Resource (//cdn.staticaly.com/gh/rauenzi/BetterDiscordApp/45916aef50206a8fd7613224cc5d7e52d9f3ef0e/js/main.min.js)
[INF][13.9.2019, 19:14:12] Starting Up
[INF][13.9.2019, 19:59:26] Hooked dom-ready
[INF][13.9.2019, 19:59:26] Getting updater
[INF][13.9.2019, 19:59:26] Latest Version: 0.3.2
[INF][13.9.2019, 19:59:26] Getting commit hash
[INF][13.9.2019, 19:59:27] 45916aef50206a8fd7613224cc5d7e52d9f3ef0e
[INF][13.9.2019, 19:59:27] Using hash: 45916aef50206a8fd7613224cc5d7e52d9f3ef0e
[INF][13.9.2019, 19:59:27] Loading
[INF][13.9.2019, 19:59:29] Loading Resource (//ajax.googleapis.com/ajax/libs/jquery/2.0.0/jquery.min.js)
[INF][13.9.2019, 19:59:29] Loading Resource (//cdn.staticaly.com/gh/rauenzi/BetterDiscordApp/45916aef50206a8fd7613224cc5d7e52d9f3ef0e/css/main.min.css)
[INF][13.9.2019, 19:59:29] Loading Resource (//cdn.staticaly.com/gh/rauenzi/BetterDiscordApp/45916aef50206a8fd7613224cc5d7e52d9f3ef0e/js/main.min.js)
[INF][13.9.2019, 19:59:29] Starting Up
[INF][13.9.2019, 20:18:07] Hooked dom-ready
[INF][13.9.2019, 20:18:07] Getting updater
[INF][13.9.2019, 20:18:08] Latest Version: 0.3.2
[INF][13.9.2019, 20:18:08] Getting commit hash
[INF][13.9.2019, 20:18:09] 45916aef50206a8fd7613224cc5d7e52d9f3ef0e
[INF][13.9.2019, 20:18:09] Using hash: 45916aef50206a8fd7613224cc5d7e52d9f3ef0e
[INF][13.9.2019, 20:18:09] Loading
[INF][13.9.2019, 20:18:10] Loading Resource (//ajax.googleapis.com/ajax/libs/jquery/2.0.0/jquery.min.js)
[INF][13.9.2019, 20:18:10] Loading Resource (//cdn.staticaly.com/gh/rauenzi/BetterDiscordApp/45916aef50206a8fd7613224cc5d7e52d9f3ef0e/css/main.min.css)
[INF][13.9.2019, 20:18:10] Loading Resource (//cdn.staticaly.com/gh/rauenzi/BetterDiscordApp/45916aef50206a8fd7613224cc5d7e52d9f3ef0e/js/main.min.js)
[INF][13.9.2019, 20:18:10] Starting Up
[INF][13.9.2019, 20:18:54] Hooked dom-ready
[INF][13.9.2019, 20:18:54] Getting updater
[INF][13.9.2019, 20:18:55] Latest Version: 0.3.2
[INF][13.9.2019, 20:18:55] Getting commit hash
[INF][13.9.2019, 20:18:55] 45916aef50206a8fd7613224cc5d7e52d9f3ef0e
[INF][13.9.2019, 20:18:55] Using hash: 45916aef50206a8fd7613224cc5d7e52d9f3ef0e
[INF][13.9.2019, 20:18:55] Loading
[INF][13.9.2019, 20:18:57] Loading Resource (//ajax.googleapis.com/ajax/libs/jquery/2.0.0/jquery.min.js)
[INF][13.9.2019, 20:18:57] Loading Resource (//cdn.staticaly.com/gh/rauenzi/BetterDiscordApp/45916aef50206a8fd7613224cc5d7e52d9f3ef0e/css/main.min.css)
[INF][13.9.2019, 20:18:57] Loading Resource (//cdn.staticaly.com/gh/rauenzi/BetterDiscordApp/45916aef50206a8fd7613224cc5d7e52d9f3ef0e/js/main.min.js)
[INF][13.9.2019, 20:18:57] Starting Up
[INF][13.9.2019, 20:23:39] Hooked dom-ready
[INF][13.9.2019, 20:23:39] Getting updater
[INF][13.9.2019, 20:23:39] Latest Version: 0.3.2
[INF][13.9.2019, 20:23:39] Getting commit hash
[INF][13.9.2019, 20:23:40] 45916aef50206a8fd7613224cc5d7e52d9f3ef0e
[INF][13.9.2019, 20:23:40] Using hash: 45916aef50206a8fd7613224cc5d7e52d9f3ef0e
[INF][13.9.2019, 20:23:40] Loading
[INF][13.9.2019, 20:23:42] Loading Resource (//ajax.googleapis.com/ajax/libs/jquery/2.0.0/jquery.min.js)
[INF][13.9.2019, 20:23:42] Loading Resource (//cdn.staticaly.com/gh/rauenzi/BetterDiscordApp/45916aef50206a8fd7613224cc5d7e52d9f3ef0e/css/main.min.css)
[INF][13.9.2019, 20:23:42] Loading Resource (//cdn.staticaly.com/gh/rauenzi/BetterDiscordApp/45916aef50206a8fd7613224cc5d7e52d9f3ef0e/js/main.min.js)
[INF][13.9.2019, 20:23:42] Starting Up
[INF][13.9.2019, 20:29:59] Hooked dom-ready
[INF][13.9.2019, 20:29:59] Getting updater
[INF][13.9.2019, 20:29:59] Latest Version: 0.3.2
[INF][13.9.2019, 20:29:59] Getting commit hash
[INF][13.9.2019, 20:30:00] 45916aef50206a8fd7613224cc5d7e52d9f3ef0e
[INF][13.9.2019, 20:30:00] Using hash: 45916aef50206a8fd7613224cc5d7e52d9f3ef0e
[INF][13.9.2019, 20:30:00] Loading
[INF][13.9.2019, 20:30:02] Loading Resource (//ajax.googleapis.com/ajax/libs/jquery/2.0.0/jquery.min.js)
[INF][13.9.2019, 20:30:02] Loading Resource (//cdn.staticaly.com/gh/rauenzi/BetterDiscordApp/45916aef50206a8fd7613224cc5d7e52d9f3ef0e/css/main.min.css)
[INF][13.9.2019, 20:30:02] Loading Resource (//cdn.staticaly.com/gh/rauenzi/BetterDiscordApp/45916aef50206a8fd7613224cc5d7e52d9f3ef0e/js/main.min.js)
[INF][13.9.2019, 20:30:02] Starting Up
[INF][13.9.2019, 20:34:50] Hooked dom-ready
[INF][13.9.2019, 20:34:50] Getting updater
[INF][13.9.2019, 20:34:50] Latest Version: 0.3.2
[INF][13.9.2019, 20:34:50] Getting commit hash
[INF][13.9.2019, 20:34:51] 45916aef50206a8fd7613224cc5d7e52d9f3ef0e
[INF][13.9.2019, 20:34:51] Using hash: 45916aef50206a8fd7613224cc5d7e52d9f3ef0e
[INF][13.9.2019, 20:34:51] Loading
[INF][13.9.2019, 20:34:53] Loading Resource (//ajax.googleapis.com/ajax/libs/jquery/2.0.0/jquery.min.js)
[INF][13.9.2019, 20:34:53] Loading Resource (//cdn.staticaly.com/gh/rauenzi/BetterDiscordApp/45916aef50206a8fd7613224cc5d7e52d9f3ef0e/css/main.min.css)
[INF][13.9.2019, 20:34:53] Loading Resource (//cdn.staticaly.com/gh/rauenzi/BetterDiscordApp/45916aef50206a8fd7613224cc5d7e52d9f3ef0e/js/main.min.js)
[INF][13.9.2019, 20:34:53] Starting Up
[INF][13.9.2019, 20:40:06] Hooked dom-ready
[INF][13.9.2019, 20:40:06] Getting updater
[INF][13.9.2019, 20:40:07] Latest Version: 0.3.2
[INF][13.9.2019, 20:40:07] Getting commit hash
[INF][13.9.2019, 20:40:08] 45916aef50206a8fd7613224cc5d7e52d9f3ef0e
[INF][13.9.2019, 20:40:08] Using hash: 45916aef50206a8fd7613224cc5d7e52d9f3ef0e
[INF][13.9.2019, 20:40:08] Loading
[INF][13.9.2019, 20:40:09] Loading Resource (//ajax.googleapis.com/ajax/libs/jquery/2.0.0/jquery.min.js)
[INF][13.9.2019, 20:40:09] Loading Resource (//cdn.staticaly.com/gh/rauenzi/BetterDiscordApp/45916aef50206a8fd7613224cc5d7e52d9f3ef0e/css/main.min.css)
[INF][13.9.2019, 20:40:09] Loading Resource (//cdn.staticaly.com/gh/rauenzi/BetterDiscordApp/45916aef50206a8fd7613224cc5d7e52d9f3ef0e/js/main.min.js)
[INF][13.9.2019, 20:40:09] Starting Up
[INF][13.9.2019, 20:41:25] Hooked dom-ready
[INF][13.9.2019, 20:41:25] Getting updater
[INF][13.9.2019, 20:41:25] Latest Version: 0.3.2
[INF][13.9.2019, 20:41:25] Getting commit hash
[INF][13.9.2019, 20:41:26] 45916aef50206a8fd7613224cc5d7e52d9f3ef0e
[INF][13.9.2019, 20:41:26] Using hash: 45916aef50206a8fd7613224cc5d7e52d9f3ef0e
[INF][13.9.2019, 20:41:26] Loading
[INF][13.9.2019, 20:41:28] Loading Resource (//ajax.googleapis.com/ajax/libs/jquery/2.0.0/jquery.min.js)
[INF][13.9.2019, 20:41:28] Loading Resource (//cdn.staticaly.com/gh/rauenzi/BetterDiscordApp/45916aef50206a8fd7613224cc5d7e52d9f3ef0e/css/main.min.css)
[INF][13.9.2019, 20:41:28] Loading Resource (//cdn.staticaly.com/gh/rauenzi/BetterDiscordApp/45916aef50206a8fd7613224cc5d7e52d9f3ef0e/js/main.min.js)
[INF][13.9.2019, 20:41:28] Starting Up
[INF][13.9.2019, 20:50:38] Hooked dom-ready
[INF][13.9.2019, 20:50:38] Getting updater
[INF][13.9.2019, 20:50:39] Latest Version: 0.3.2
[INF][13.9.2019, 20:50:39] Getting commit hash
[INF][13.9.2019, 20:50:41] 45916aef50206a8fd7613224cc5d7e52d9f3ef0e
[INF][13.9.2019, 20:50:41] Using hash: 45916aef50206a8fd7613224cc5d7e52d9f3ef0e
[INF][13.9.2019, 20:50:41] Loading
[INF][13.9.2019, 20:50:43] Loading Resource (//ajax.googleapis.com/ajax/libs/jquery/2.0.0/jquery.min.js)
[INF][13.9.2019, 20:50:43] Loading Resource (//cdn.staticaly.com/gh/rauenzi/BetterDiscordApp/45916aef50206a8fd7613224cc5d7e52d9f3ef0e/css/main.min.css)
[INF][13.9.2019, 20:50:43] Loading Resource (//cdn.staticaly.com/gh/rauenzi/BetterDiscordApp/45916aef50206a8fd7613224cc5d7e52d9f3ef0e/js/main.min.js)
[INF][13.9.2019, 20:50:43] Starting Up
[INF][13.9.2019, 20:51:30] Hooked dom-ready
[INF][13.9.2019, 20:51:30] Getting updater
[INF][13.9.2019, 20:51:30] Latest Version: 0.3.2
[INF][13.9.2019, 20:51:30] Getting commit hash
[INF][13.9.2019, 20:51:31] 45916aef50206a8fd7613224cc5d7e52d9f3ef0e
[INF][13.9.2019, 20:51:31] Using hash: 45916aef50206a8fd7613224cc5d7e52d9f3ef0e
[INF][13.9.2019, 20:51:31] Loading
[INF][13.9.2019, 20:51:33] Loading Resource (//ajax.googleapis.com/ajax/libs/jquery/2.0.0/jquery.min.js)
[INF][13.9.2019, 20:51:33] Loading Resource (//cdn.staticaly.com/gh/rauenzi/BetterDiscordApp/45916aef50206a8fd7613224cc5d7e52d9f3ef0e/css/main.min.css)
[INF][13.9.2019, 20:51:33] Loading Resource (//cdn.staticaly.com/gh/rauenzi/BetterDiscordApp/45916aef50206a8fd7613224cc5d7e52d9f3ef0e/js/main.min.js)
[INF][13.9.2019, 20:51:33] Starting Up
[INF][13.9.2019, 20:53:07] Hooked dom-ready
[INF][13.9.2019, 20:53:07] Getting updater
[INF][13.9.2019, 20:53:07] Latest Version: 0.3.2
[INF][13.9.2019, 20:53:07] Getting commit hash
[INF][13.9.2019, 20:53:07] 45916aef50206a8fd7613224cc5d7e52d9f3ef0e
[INF][13.9.2019, 20:53:07] Using hash: 45916aef50206a8fd7613224cc5d7e52d9f3ef0e
[INF][13.9.2019, 20:53:07] Loading
[INF][13.9.2019, 20:53:09] Loading Resource (//ajax.googleapis.com/ajax/libs/jquery/2.0.0/jquery.min.js)
[INF][13.9.2019, 20:53:09] Loading Resource (//cdn.staticaly.com/gh/rauenzi/BetterDiscordApp/45916aef50206a8fd7613224cc5d7e52d9f3ef0e/css/main.min.css)
[INF][13.9.2019, 20:53:09] Loading Resource (//cdn.staticaly.com/gh/rauenzi/BetterDiscordApp/45916aef50206a8fd7613224cc5d7e52d9f3ef0e/js/main.min.js)
[INF][13.9.2019, 20:53:10] Starting Up
[INF][13.9.2019, 20:55:24] Hooked dom-ready
[INF][13.9.2019, 20:55:24] Getting updater
[INF][13.9.2019, 20:55:24] Latest Version: 0.3.2
[INF][13.9.2019, 20:55:24] Getting commit hash
[INF][13.9.2019, 20:55:25] 45916aef50206a8fd7613224cc5d7e52d9f3ef0e
[INF][13.9.2019, 20:55:25] Using hash: 45916aef50206a8fd7613224cc5d7e52d9f3ef0e
[INF][13.9.2019, 20:55:25] Loading
[INF][13.9.2019, 20:55:27] Loading Resource (//ajax.googleapis.com/ajax/libs/jquery/2.0.0/jquery.min.js)
[INF][13.9.2019, 20:55:27] Loading Resource (//cdn.staticaly.com/gh/rauenzi/BetterDiscordApp/45916aef50206a8fd7613224cc5d7e52d9f3ef0e/css/main.min.css)
[INF][13.9.2019, 20:55:27] Loading Resource (//cdn.staticaly.com/gh/rauenzi/BetterDiscordApp/45916aef50206a8fd7613224cc5d7e52d9f3ef0e/js/main.min.js)
[INF][13.9.2019, 20:55:27] Starting Up
[INF][13.9.2019, 20:57:15] Hooked dom-ready
[INF][13.9.2019, 20:57:15] Getting updater
[INF][13.9.2019, 20:57:15] Latest Version: 0.3.2
[INF][13.9.2019, 20:57:15] Getting commit hash
[INF][13.9.2019, 20:57:16] 45916aef50206a8fd7613224cc5d7e52d9f3ef0e
[INF][13.9.2019, 20:57:16] Using hash: 45916aef50206a8fd7613224cc5d7e52d9f3ef0e
[INF][13.9.2019, 20:57:16] Loading
[INF][13.9.2019, 20:57:18] Loading Resource (//ajax.googleapis.com/ajax/libs/jquery/2.0.0/jquery.min.js)
[INF][13.9.2019, 20:57:18] Loading Resource (//cdn.staticaly.com/gh/rauenzi/BetterDiscordApp/45916aef50206a8fd7613224cc5d7e52d9f3ef0e/css/main.min.css)
[INF][13.9.2019, 20:57:18] Loading Resource (//cdn.staticaly.com/gh/rauenzi/BetterDiscordApp/45916aef50206a8fd7613224cc5d7e52d9f3ef0e/js/main.min.js)
[INF][13.9.2019, 20:57:18] Starting Up
[INF][13.9.2019, 20:57:47] Hooked dom-ready
[INF][13.9.2019, 20:57:47] Getting updater
[INF][13.9.2019, 20:57:47] Latest Version: 0.3.2
[INF][13.9.2019, 20:57:47] Getting commit hash
[INF][13.9.2019, 20:57:49] 45916aef50206a8fd7613224cc5d7e52d9f3ef0e
[INF][13.9.2019, 20:57:49] Using hash: 45916aef50206a8fd7613224cc5d7e52d9f3ef0e
[INF][13.9.2019, 20:57:49] Loading
[INF][13.9.2019, 20:57:50] Loading Resource (//ajax.googleapis.com/ajax/libs/jquery/2.0.0/jquery.min.js)
[INF][13.9.2019, 20:57:50] Loading Resource (//cdn.staticaly.com/gh/rauenzi/BetterDiscordApp/45916aef50206a8fd7613224cc5d7e52d9f3ef0e/css/main.min.css)
[INF][13.9.2019, 20:57:50] Loading Resource (//cdn.staticaly.com/gh/rauenzi/BetterDiscordApp/45916aef50206a8fd7613224cc5d7e52d9f3ef0e/js/main.min.js)
[INF][13.9.2019, 20:57:50] Starting Up
[INF][13.9.2019, 21:00:05] Hooked dom-ready
[INF][13.9.2019, 21:00:05] Getting updater
[INF][13.9.2019, 21:00:05] Latest Version: 0.3.2
[INF][13.9.2019, 21:00:05] Getting commit hash
[INF][13.9.2019, 21:00:05] 45916aef50206a8fd7613224cc5d7e52d9f3ef0e
[INF][13.9.2019, 21:00:05] Using hash: 45916aef50206a8fd7613224cc5d7e52d9f3ef0e
[INF][13.9.2019, 21:00:05] Loading
[INF][13.9.2019, 21:00:09] Loading Resource (//ajax.googleapis.com/ajax/libs/jquery/2.0.0/jquery.min.js)
[INF][13.9.2019, 21:00:09] Loading Resource (//cdn.staticaly.com/gh/rauenzi/BetterDiscordApp/45916aef50206a8fd7613224cc5d7e52d9f3ef0e/css/main.min.css)
[INF][13.9.2019, 21:00:10] Loading Resource (//cdn.staticaly.com/gh/rauenzi/BetterDiscordApp/45916aef50206a8fd7613224cc5d7e52d9f3ef0e/js/main.min.js)
[INF][13.9.2019, 21:00:10] Starting Up
[INF][13.9.2019, 21:01:46] Hooked dom-ready
[INF][13.9.2019, 21:01:46] Getting updater
[INF][13.9.2019, 21:01:46] Latest Version: 0.3.2
[INF][13.9.2019, 21:01:46] Getting commit hash
[INF][13.9.2019, 21:01:47] 45916aef50206a8fd7613224cc5d7e52d9f3ef0e
[INF][13.9.2019, 21:01:47] Using hash: 45916aef50206a8fd7613224cc5d7e52d9f3ef0e
[INF][13.9.2019, 21:01:47] Loading
[INF][13.9.2019, 21:01:50] Loading Resource (//ajax.googleapis.com/ajax/libs/jquery/2.0.0/jquery.min.js)
[INF][13.9.2019, 21:01:50] Loading Resource (//cdn.staticaly.com/gh/rauenzi/BetterDiscordApp/45916aef50206a8fd7613224cc5d7e52d9f3ef0e/css/main.min.css)
[INF][13.9.2019, 21:01:50] Loading Resource (//cdn.staticaly.com/gh/rauenzi/BetterDiscordApp/45916aef50206a8fd7613224cc5d7e52d9f3ef0e/js/main.min.js)
[INF][13.9.2019, 21:01:50] Starting Up
[INF][13.9.2019, 21:02:57] Hooked dom-ready
[INF][13.9.2019, 21:02:57] Getting updater
[INF][13.9.2019, 21:02:57] Latest Version: 0.3.2
[INF][13.9.2019, 21:02:57] Getting commit hash
[INF][13.9.2019, 21:02:58] 45916aef50206a8fd7613224cc5d7e52d9f3ef0e
[INF][13.9.2019, 21:02:58] Using hash: 45916aef50206a8fd7613224cc5d7e52d9f3ef0e
[INF][13.9.2019, 21:02:58] Loading
[INF][13.9.2019, 21:03:01] Loading Resource (//ajax.googleapis.com/ajax/libs/jquery/2.0.0/jquery.min.js)
[INF][13.9.2019, 21:03:01] Loading Resource (//cdn.staticaly.com/gh/rauenzi/BetterDiscordApp/45916aef50206a8fd7613224cc5d7e52d9f3ef0e/css/main.min.css)
[INF][13.9.2019, 21:03:01] Loading Resource (//cdn.staticaly.com/gh/rauenzi/BetterDiscordApp/45916aef50206a8fd7613224cc5d7e52d9f3ef0e/js/main.min.js)
[INF][13.9.2019, 21:03:01] Starting Up
[INF][13.9.2019, 21:04:38] Hooked dom-ready
[INF][13.9.2019, 21:04:38] Getting updater
[INF][13.9.2019, 21:04:38] Latest Version: 0.3.2
[INF][13.9.2019, 21:04:38] Getting commit hash
[INF][13.9.2019, 21:04:39] 45916aef50206a8fd7613224cc5d7e52d9f3ef0e
[INF][13.9.2019, 21:04:39] Using hash: 45916aef50206a8fd7613224cc5d7e52d9f3ef0e
[INF][13.9.2019, 21:04:39] Loading
[INF][13.9.2019, 21:04:42] Loading Resource (//ajax.googleapis.com/ajax/libs/jquery/2.0.0/jquery.min.js)
[INF][13.9.2019, 21:04:42] Loading Resource (//cdn.staticaly.com/gh/rauenzi/BetterDiscordApp/45916aef50206a8fd7613224cc5d7e52d9f3ef0e/css/main.min.css)
[INF][13.9.2019, 21:04:42] Loading Resource (//cdn.staticaly.com/gh/rauenzi/BetterDiscordApp/45916aef50206a8fd7613224cc5d7e52d9f3ef0e/js/main.min.js)
[INF][13.9.2019, 21:04:42] Starting Up
[INF][13.9.2019, 21:06:01] Hooked dom-ready
[INF][13.9.2019, 21:06:01] Getting updater
[INF][13.9.2019, 21:06:02] Latest Version: 0.3.2
[INF][13.9.2019, 21:06:02] Getting commit hash
[INF][13.9.2019, 21:06:03] 45916aef50206a8fd7613224cc5d7e52d9f3ef0e
[INF][13.9.2019, 21:06:03] Using hash: 45916aef50206a8fd7613224cc5d7e52d9f3ef0e
[INF][13.9.2019, 21:06:03] Loading
[INF][13.9.2019, 21:06:05] Loading Resource (//ajax.googleapis.com/ajax/libs/jquery/2.0.0/jquery.min.js)
[INF][13.9.2019, 21:06:05] Loading Resource (//cdn.staticaly.com/gh/rauenzi/BetterDiscordApp/45916aef50206a8fd7613224cc5d7e52d9f3ef0e/css/main.min.css)
[INF][13.9.2019, 21:06:06] Loading Resource (//cdn.staticaly.com/gh/rauenzi/BetterDiscordApp/45916aef50206a8fd7613224cc5d7e52d9f3ef0e/js/main.min.js)
[INF][13.9.2019, 21:06:06] Starting Up
[INF][13.9.2019, 21:10:35] Hooked dom-ready
[INF][13.9.2019, 21:10:35] Getting updater
[INF][13.9.2019, 21:10:35] Latest Version: 0.3.2
[INF][13.9.2019, 21:10:35] Getting commit hash
[INF][13.9.2019, 21:10:36] 45916aef50206a8fd7613224cc5d7e52d9f3ef0e
[INF][13.9.2019, 21:10:36] Using hash: 45916aef50206a8fd7613224cc5d7e52d9f3ef0e
[INF][13.9.2019, 21:10:36] Loading
[INF][13.9.2019, 21:10:39] Loading Resource (//ajax.googleapis.com/ajax/libs/jquery/2.0.0/jquery.min.js)
[INF][13.9.2019, 21:10:39] Loading Resource (//cdn.staticaly.com/gh/rauenzi/BetterDiscordApp/45916aef50206a8fd7613224cc5d7e52d9f3ef0e/css/main.min.css)
[INF][13.9.2019, 21:10:39] Loading Resource (//cdn.staticaly.com/gh/rauenzi/BetterDiscordApp/45916aef50206a8fd7613224cc5d7e52d9f3ef0e/js/main.min.js)
[INF][13.9.2019, 21:10:39] Starting Up
[INF][13.9.2019, 21:11:41] Hooked dom-ready
[INF][13.9.2019, 21:11:41] Getting updater
[INF][13.9.2019, 21:11:41] Latest Version: 0.3.2
[INF][13.9.2019, 21:11:41] Getting commit hash
[INF][13.9.2019, 21:11:42] 45916aef50206a8fd7613224cc5d7e52d9f3ef0e
[INF][13.9.2019, 21:11:42] Using hash: 45916aef50206a8fd7613224cc5d7e52d9f3ef0e
[INF][13.9.2019, 21:11:42] Loading
[INF][13.9.2019, 21:11:45] Loading Resource (//ajax.googleapis.com/ajax/libs/jquery/2.0.0/jquery.min.js)
[INF][13.9.2019, 21:11:46] Loading Resource (//cdn.staticaly.com/gh/rauenzi/BetterDiscordApp/45916aef50206a8fd7613224cc5d7e52d9f3ef0e/css/main.min.css)
[INF][13.9.2019, 21:11:46] Loading Resource (//cdn.staticaly.com/gh/rauenzi/BetterDiscordApp/45916aef50206a8fd7613224cc5d7e52d9f3ef0e/js/main.min.js)
[INF][13.9.2019, 21:11:46] Starting Up
[INF][13.9.2019, 21:15:34] Hooked dom-ready
[INF][13.9.2019, 21:15:34] Getting updater
[INF][13.9.2019, 21:15:34] Latest Version: 0.3.2
[INF][13.9.2019, 21:15:34] Getting commit hash
[INF][13.9.2019, 21:15:34] 45916aef50206a8fd7613224cc5d7e52d9f3ef0e
[INF][13.9.2019, 21:15:34] Using hash: 45916aef50206a8fd7613224cc5d7e52d9f3ef0e
[INF][13.9.2019, 21:15:34] Loading
[INF][13.9.2019, 21:15:38] Loading Resource (//ajax.googleapis.com/ajax/libs/jquery/2.0.0/jquery.min.js)
[INF][13.9.2019, 21:15:38] Loading Resource (//cdn.staticaly.com/gh/rauenzi/BetterDiscordApp/45916aef50206a8fd7613224cc5d7e52d9f3ef0e/css/main.min.css)
[INF][13.9.2019, 21:15:38] Loading Resource (//cdn.staticaly.com/gh/rauenzi/BetterDiscordApp/45916aef50206a8fd7613224cc5d7e52d9f3ef0e/js/main.min.js)
[INF][13.9.2019, 21:15:38] Starting Up
[INF][13.9.2019, 21:16:39] Hooked dom-ready
[INF][13.9.2019, 21:16:39] Getting updater
[INF][13.9.2019, 21:16:39] Latest Version: 0.3.2
[INF][13.9.2019, 21:16:39] Getting commit hash
[INF][13.9.2019, 21:16:39] 45916aef50206a8fd7613224cc5d7e52d9f3ef0e
[INF][13.9.2019, 21:16:39] Using hash: 45916aef50206a8fd7613224cc5d7e52d9f3ef0e
[INF][13.9.2019, 21:16:39] Loading
[INF][13.9.2019, 21:16:43] Loading Resource (//ajax.googleapis.com/ajax/libs/jquery/2.0.0/jquery.min.js)
[INF][13.9.2019, 21:16:43] Loading Resource (//cdn.staticaly.com/gh/rauenzi/BetterDiscordApp/45916aef50206a8fd7613224cc5d7e52d9f3ef0e/css/main.min.css)
[INF][13.9.2019, 21:16:43] Loading Resource (//cdn.staticaly.com/gh/rauenzi/BetterDiscordApp/45916aef50206a8fd7613224cc5d7e52d9f3ef0e/js/main.min.js)
[INF][13.9.2019, 21:16:43] Starting Up
[INF][13.9.2019, 21:18:35] Hooked dom-ready
[INF][13.9.2019, 21:18:35] Getting updater
[INF][13.9.2019, 21:18:35] Latest Version: 0.3.2
[INF][13.9.2019, 21:18:35] Getting commit hash
[INF][13.9.2019, 21:18:36] 45916aef50206a8fd7613224cc5d7e52d9f3ef0e
[INF][13.9.2019, 21:18:36] Using hash: 45916aef50206a8fd7613224cc5d7e52d9f3ef0e
[INF][13.9.2019, 21:18:36] Loading
[INF][13.9.2019, 21:18:39] Loading Resource (//ajax.googleapis.com/ajax/libs/jquery/2.0.0/jquery.min.js)
[INF][13.9.2019, 21:18:39] Loading Resource (//cdn.staticaly.com/gh/rauenzi/BetterDiscordApp/45916aef50206a8fd7613224cc5d7e52d9f3ef0e/css/main.min.css)
[INF][13.9.2019, 21:18:39] Loading Resource (//cdn.staticaly.com/gh/rauenzi/BetterDiscordApp/45916aef50206a8fd7613224cc5d7e52d9f3ef0e/js/main.min.js)
[INF][13.9.2019, 21:18:39] Starting Up
[INF][13.9.2019, 21:52:27] Hooked dom-ready
[INF][13.9.2019, 21:52:27] Getting updater
[INF][13.9.2019, 21:52:27] Latest Version: 0.3.2
[INF][13.9.2019, 21:52:27] Getting commit hash
[INF][13.9.2019, 21:52:28] 45916aef50206a8fd7613224cc5d7e52d9f3ef0e
[INF][13.9.2019, 21:52:28] Using hash: 45916aef50206a8fd7613224cc5d7e52d9f3ef0e
[INF][13.9.2019, 21:52:28] Loading
[INF][13.9.2019, 21:52:31] Loading Resource (//ajax.googleapis.com/ajax/libs/jquery/2.0.0/jquery.min.js)
[INF][13.9.2019, 21:52:31] Loading Resource (//cdn.staticaly.com/gh/rauenzi/BetterDiscordApp/45916aef50206a8fd7613224cc5d7e52d9f3ef0e/css/main.min.css)
[INF][13.9.2019, 21:52:31] Loading Resource (//cdn.staticaly.com/gh/rauenzi/BetterDiscordApp/45916aef50206a8fd7613224cc5d7e52d9f3ef0e/js/main.min.js)
[INF][13.9.2019, 21:52:31] Starting Up
[INF][13.9.2019, 21:57:59] Hooked dom-ready
[INF][13.9.2019, 21:57:59] Getting updater
[INF][13.9.2019, 21:58:00] Latest Version: 0.3.2
[INF][13.9.2019, 21:58:00] Getting commit hash
[INF][13.9.2019, 21:58:00] 45916aef50206a8fd7613224cc5d7e52d9f3ef0e
[INF][13.9.2019, 21:58:00] Using hash: 45916aef50206a8fd7613224cc5d7e52d9f3ef0e
[INF][13.9.2019, 21:58:00] Loading
[INF][13.9.2019, 21:58:02] Loading Resource (//ajax.googleapis.com/ajax/libs/jquery/2.0.0/jquery.min.js)
[INF][13.9.2019, 21:58:02] Loading Resource (//cdn.staticaly.com/gh/rauenzi/BetterDiscordApp/45916aef50206a8fd7613224cc5d7e52d9f3ef0e/css/main.min.css)
[INF][13.9.2019, 21:58:02] Loading Resource (//cdn.staticaly.com/gh/rauenzi/BetterDiscordApp/45916aef50206a8fd7613224cc5d7e52d9f3ef0e/js/main.min.js)
[INF][13.9.2019, 21:58:02] Starting Up
[INF][13.9.2019, 21:59:52] Hooked dom-ready
[INF][13.9.2019, 21:59:52] Getting updater
[INF][13.9.2019, 21:59:52] Latest Version: 0.3.2
[INF][13.9.2019, 21:59:52] Getting commit hash
[INF][13.9.2019, 21:59:53] 45916aef50206a8fd7613224cc5d7e52d9f3ef0e
[INF][13.9.2019, 21:59:53] Using hash: 45916aef50206a8fd7613224cc5d7e52d9f3ef0e
[INF][13.9.2019, 21:59:53] Loading
[INF][13.9.2019, 21:59:56] Loading Resource (//ajax.googleapis.com/ajax/libs/jquery/2.0.0/jquery.min.js)
[INF][13.9.2019, 21:59:56] Loading Resource (//cdn.staticaly.com/gh/rauenzi/BetterDiscordApp/45916aef50206a8fd7613224cc5d7e52d9f3ef0e/css/main.min.css)
[INF][13.9.2019, 21:59:56] Loading Resource (//cdn.staticaly.com/gh/rauenzi/BetterDiscordApp/45916aef50206a8fd7613224cc5d7e52d9f3ef0e/js/main.min.js)
[INF][13.9.2019, 21:59:56] Starting Up
[INF][13.9.2019, 22:02:12] Hooked dom-ready
[INF][13.9.2019, 22:02:12] Getting updater
[INF][13.9.2019, 22:02:12] Latest Version: 0.3.2
[INF][13.9.2019, 22:02:12] Getting commit hash
[INF][13.9.2019, 22:02:13] 45916aef50206a8fd7613224cc5d7e52d9f3ef0e
[INF][13.9.2019, 22:02:13] Using hash: 45916aef50206a8fd7613224cc5d7e52d9f3ef0e
[INF][13.9.2019, 22:02:13] Loading
[INF][13.9.2019, 22:02:16] Loading Resource (//ajax.googleapis.com/ajax/libs/jquery/2.0.0/jquery.min.js)
[INF][13.9.2019, 22:02:16] Loading Resource (//cdn.staticaly.com/gh/rauenzi/BetterDiscordApp/45916aef50206a8fd7613224cc5d7e52d9f3ef0e/css/main.min.css)
[INF][13.9.2019, 22:02:16] Loading Resource (//cdn.staticaly.com/gh/rauenzi/BetterDiscordApp/45916aef50206a8fd7613224cc5d7e52d9f3ef0e/js/main.min.js)
[INF][13.9.2019, 22:02:16] Starting Up
[INF][13.9.2019, 22:02:41] Hooked dom-ready
[INF][13.9.2019, 22:02:41] Getting updater
[INF][13.9.2019, 22:02:41] Latest Version: 0.3.2
[INF][13.9.2019, 22:02:41] Getting commit hash
[INF][13.9.2019, 22:02:41] 45916aef50206a8fd7613224cc5d7e52d9f3ef0e
[INF][13.9.2019, 22:02:41] Using hash: 45916aef50206a8fd7613224cc5d7e52d9f3ef0e
[INF][13.9.2019, 22:02:41] Loading
[INF][13.9.2019, 22:02:45] Loading Resource (//ajax.googleapis.com/ajax/libs/jquery/2.0.0/jquery.min.js)
[INF][13.9.2019, 22:02:45] Loading Resource (//cdn.staticaly.com/gh/rauenzi/BetterDiscordApp/45916aef50206a8fd7613224cc5d7e52d9f3ef0e/css/main.min.css)
[INF][13.9.2019, 22:02:45] Loading Resource (//cdn.staticaly.com/gh/rauenzi/BetterDiscordApp/45916aef50206a8fd7613224cc5d7e52d9f3ef0e/js/main.min.js)
[INF][13.9.2019, 22:02:46] Starting Up
[INF][13.9.2019, 22:02:59] Hooked dom-ready
[INF][13.9.2019, 22:02:59] Getting updater
[INF][13.9.2019, 22:02:59] Latest Version: 0.3.2
[INF][13.9.2019, 22:02:59] Getting commit hash
[INF][13.9.2019, 22:03:00] 45916aef50206a8fd7613224cc5d7e52d9f3ef0e
[INF][13.9.2019, 22:03:00] Using hash: 45916aef50206a8fd7613224cc5d7e52d9f3ef0e
[INF][13.9.2019, 22:03:00] Loading
[INF][13.9.2019, 22:03:03] Loading Resource (//ajax.googleapis.com/ajax/libs/jquery/2.0.0/jquery.min.js)
[INF][13.9.2019, 22:03:03] Loading Resource (//cdn.staticaly.com/gh/rauenzi/BetterDiscordApp/45916aef50206a8fd7613224cc5d7e52d9f3ef0e/css/main.min.css)
[INF][13.9.2019, 22:03:03] Loading Resource (//cdn.staticaly.com/gh/rauenzi/BetterDiscordApp/45916aef50206a8fd7613224cc5d7e52d9f3ef0e/js/main.min.js)
[INF][13.9.2019, 22:03:03] Starting Up
[INF][13.9.2019, 22:03:29] Hooked dom-ready
[INF][13.9.2019, 22:03:29] Getting updater
[INF][13.9.2019, 22:03:29] Latest Version: 0.3.2
[INF][13.9.2019, 22:03:29] Getting commit hash
[INF][13.9.2019, 22:03:30] 45916aef50206a8fd7613224cc5d7e52d9f3ef0e
[INF][13.9.2019, 22:03:30] Using hash: 45916aef50206a8fd7613224cc5d7e52d9f3ef0e
[INF][13.9.2019, 22:03:30] Loading
[INF][13.9.2019, 22:03:34] Loading Resource (//ajax.googleapis.com/ajax/libs/jquery/2.0.0/jquery.min.js)
[INF][13.9.2019, 22:03:35] Loading Resource (//cdn.staticaly.com/gh/rauenzi/BetterDiscordApp/45916aef50206a8fd7613224cc5d7e52d9f3ef0e/css/main.min.css)
[INF][13.9.2019, 22:03:35] Loading Resource (//cdn.staticaly.com/gh/rauenzi/BetterDiscordApp/45916aef50206a8fd7613224cc5d7e52d9f3ef0e/js/main.min.js)
[INF][13.9.2019, 22:03:35] Starting Up
[INF][13.9.2019, 22:03:53] Hooked dom-ready
[INF][13.9.2019, 22:03:53] Getting updater
[INF][13.9.2019, 22:03:53] Latest Version: 0.3.2
[INF][13.9.2019, 22:03:53] Getting commit hash
[INF][13.9.2019, 22:03:54] 45916aef50206a8fd7613224cc5d7e52d9f3ef0e
[INF][13.9.2019, 22:03:54] Using hash: 45916aef50206a8fd7613224cc5d7e52d9f3ef0e
[INF][13.9.2019, 22:03:54] Loading
[INF][13.9.2019, 22:03:58] Loading Resource (//ajax.googleapis.com/ajax/libs/jquery/2.0.0/jquery.min.js)
[INF][13.9.2019, 22:03:58] Loading Resource (//cdn.staticaly.com/gh/rauenzi/BetterDiscordApp/45916aef50206a8fd7613224cc5d7e52d9f3ef0e/css/main.min.css)
[INF][13.9.2019, 22:03:58] Loading Resource (//cdn.staticaly.com/gh/rauenzi/BetterDiscordApp/45916aef50206a8fd7613224cc5d7e52d9f3ef0e/js/main.min.js)
[INF][13.9.2019, 22:03:58] Starting Up
[INF][13.9.2019, 22:17:02] Hooked dom-ready
[INF][13.9.2019, 22:17:02] Getting updater
[INF][13.9.2019, 22:17:02] Latest Version: 0.3.2
[INF][13.9.2019, 22:17:02] Getting commit hash
[INF][13.9.2019, 22:17:03] 45916aef50206a8fd7613224cc5d7e52d9f3ef0e
[INF][13.9.2019, 22:17:03] Using hash: 45916aef50206a8fd7613224cc5d7e52d9f3ef0e
[INF][13.9.2019, 22:17:03] Loading
[INF][13.9.2019, 22:17:06] Loading Resource (//ajax.googleapis.com/ajax/libs/jquery/2.0.0/jquery.min.js)
[INF][13.9.2019, 22:17:06] Loading Resource (//cdn.staticaly.com/gh/rauenzi/BetterDiscordApp/45916aef50206a8fd7613224cc5d7e52d9f3ef0e/css/main.min.css)
[INF][13.9.2019, 22:17:06] Loading Resource (//cdn.staticaly.com/gh/rauenzi/BetterDiscordApp/45916aef50206a8fd7613224cc5d7e52d9f3ef0e/js/main.min.js)
[INF][13.9.2019, 22:17:06] Starting Up
[INF][13.9.2019, 22:28:54] Hooked dom-ready
[INF][13.9.2019, 22:28:54] Getting updater
[INF][13.9.2019, 22:28:54] Latest Version: 0.3.2
[INF][13.9.2019, 22:28:54] Getting commit hash
[INF][13.9.2019, 22:28:55] 45916aef50206a8fd7613224cc5d7e52d9f3ef0e
[INF][13.9.2019, 22:28:55] Using hash: 45916aef50206a8fd7613224cc5d7e52d9f3ef0e
[INF][13.9.2019, 22:28:55] Loading
[INF][13.9.2019, 22:28:58] Loading Resource (//ajax.googleapis.com/ajax/libs/jquery/2.0.0/jquery.min.js)
[INF][13.9.2019, 22:28:58] Loading Resource (//cdn.staticaly.com/gh/rauenzi/BetterDiscordApp/45916aef50206a8fd7613224cc5d7e52d9f3ef0e/css/main.min.css)
[INF][13.9.2019, 22:28:58] Loading Resource (//cdn.staticaly.com/gh/rauenzi/BetterDiscordApp/45916aef50206a8fd7613224cc5d7e52d9f3ef0e/js/main.min.js)
[INF][13.9.2019, 22:28:58] Starting Up
[INF][13.9.2019, 22:30:04] Hooked dom-ready
[INF][13.9.2019, 22:30:04] Getting updater
[INF][13.9.2019, 22:30:04] Latest Version: 0.3.2
[INF][13.9.2019, 22:30:04] Getting commit hash
[INF][13.9.2019, 22:30:05] 45916aef50206a8fd7613224cc5d7e52d9f3ef0e
[INF][13.9.2019, 22:30:05] Using hash: 45916aef50206a8fd7613224cc5d7e52d9f3ef0e
[INF][13.9.2019, 22:30:05] Loading
[INF][13.9.2019, 22:30:08] Loading Resource (//ajax.googleapis.com/ajax/libs/jquery/2.0.0/jquery.min.js)
[INF][13.9.2019, 22:30:08] Loading Resource (//cdn.staticaly.com/gh/rauenzi/BetterDiscordApp/45916aef50206a8fd7613224cc5d7e52d9f3ef0e/css/main.min.css)
[INF][13.9.2019, 22:30:08] Loading Resource (//cdn.staticaly.com/gh/rauenzi/BetterDiscordApp/45916aef50206a8fd7613224cc5d7e52d9f3ef0e/js/main.min.js)
[INF][13.9.2019, 22:30:08] Starting Up
[INF][13.9.2019, 22:37:42] Hooked dom-ready
[INF][13.9.2019, 22:37:42] Getting updater
[INF][13.9.2019, 22:37:42] Latest Version: 0.3.2
[INF][13.9.2019, 22:37:42] Getting commit hash
[INF][13.9.2019, 22:37:44] 45916aef50206a8fd7613224cc5d7e52d9f3ef0e
[INF][13.9.2019, 22:37:44] Using hash: 45916aef50206a8fd7613224cc5d7e52d9f3ef0e
[INF][13.9.2019, 22:37:44] Loading
[INF][13.9.2019, 22:37:46] Loading Resource (//ajax.googleapis.com/ajax/libs/jquery/2.0.0/jquery.min.js)
[INF][13.9.2019, 22:37:47] Loading Resource (//cdn.staticaly.com/gh/rauenzi/BetterDiscordApp/45916aef50206a8fd7613224cc5d7e52d9f3ef0e/css/main.min.css)
[INF][13.9.2019, 22:37:47] Loading Resource (//cdn.staticaly.com/gh/rauenzi/BetterDiscordApp/45916aef50206a8fd7613224cc5d7e52d9f3ef0e/js/main.min.js)
[INF][13.9.2019, 22:37:47] Starting Up
[INF][13.9.2019, 22:45:49] Hooked dom-ready
[INF][13.9.2019, 22:45:49] Getting updater
[INF][13.9.2019, 22:45:49] Latest Version: 0.3.2
[INF][13.9.2019, 22:45:49] Getting commit hash
[INF][13.9.2019, 22:45:50] 45916aef50206a8fd7613224cc5d7e52d9f3ef0e
[INF][13.9.2019, 22:45:50] Using hash: 45916aef50206a8fd7613224cc5d7e52d9f3ef0e
[INF][13.9.2019, 22:45:50] Loading
[INF][13.9.2019, 22:45:53] Loading Resource (//ajax.googleapis.com/ajax/libs/jquery/2.0.0/jquery.min.js)
[INF][13.9.2019, 22:45:53] Loading Resource (//cdn.staticaly.com/gh/rauenzi/BetterDiscordApp/45916aef50206a8fd7613224cc5d7e52d9f3ef0e/css/main.min.css)
[INF][13.9.2019, 22:45:53] Loading Resource (//cdn.staticaly.com/gh/rauenzi/BetterDiscordApp/45916aef50206a8fd7613224cc5d7e52d9f3ef0e/js/main.min.js)
[INF][13.9.2019, 22:45:53] Starting Up
[INF][13.9.2019, 22:48:42] Hooked dom-ready
[INF][13.9.2019, 22:48:42] Getting updater
[INF][13.9.2019, 22:48:42] Latest Version: 0.3.2
[INF][13.9.2019, 22:48:42] Getting commit hash
[INF][13.9.2019, 22:48:43] 45916aef50206a8fd7613224cc5d7e52d9f3ef0e
[INF][13.9.2019, 22:48:43] Using hash: 45916aef50206a8fd7613224cc5d7e52d9f3ef0e
[INF][13.9.2019, 22:48:43] Loading
[INF][13.9.2019, 22:48:46] Loading Resource (//ajax.googleapis.com/ajax/libs/jquery/2.0.0/jquery.min.js)
[INF][13.9.2019, 22:48:46] Loading Resource (//cdn.staticaly.com/gh/rauenzi/BetterDiscordApp/45916aef50206a8fd7613224cc5d7e52d9f3ef0e/css/main.min.css)
[INF][13.9.2019, 22:48:46] Loading Resource (//cdn.staticaly.com/gh/rauenzi/BetterDiscordApp/45916aef50206a8fd7613224cc5d7e52d9f3ef0e/js/main.min.js)
[INF][13.9.2019, 22:48:46] Starting Up
[INF][13.9.2019, 22:55:10] Hooked dom-ready
[INF][13.9.2019, 22:55:10] Getting updater
[INF][13.9.2019, 22:55:10] Latest Version: 0.3.2
[INF][13.9.2019, 22:55:10] Getting commit hash
[INF][13.9.2019, 22:55:10] 45916aef50206a8fd7613224cc5d7e52d9f3ef0e
[INF][13.9.2019, 22:55:10] Using hash: 45916aef50206a8fd7613224cc5d7e52d9f3ef0e
[INF][13.9.2019, 22:55:10] Loading
[INF][13.9.2019, 22:55:14] Loading Resource (//ajax.googleapis.com/ajax/libs/jquery/2.0.0/jquery.min.js)
[INF][13.9.2019, 22:55:14] Loading Resource (//cdn.staticaly.com/gh/rauenzi/BetterDiscordApp/45916aef50206a8fd7613224cc5d7e52d9f3ef0e/css/main.min.css)
[INF][13.9.2019, 22:55:14] Loading Resource (//cdn.staticaly.com/gh/rauenzi/BetterDiscordApp/45916aef50206a8fd7613224cc5d7e52d9f3ef0e/js/main.min.js)
[INF][13.9.2019, 22:55:14] Starting Up
[INF][13.9.2019, 22:55:47] Hooked dom-ready
[INF][13.9.2019, 22:55:47] Getting updater
[INF][13.9.2019, 22:55:47] Latest Version: 0.3.2
[INF][13.9.2019, 22:55:47] Getting commit hash
[INF][13.9.2019, 22:55:47] 45916aef50206a8fd7613224cc5d7e52d9f3ef0e
[INF][13.9.2019, 22:55:47] Using hash: 45916aef50206a8fd7613224cc5d7e52d9f3ef0e
[INF][13.9.2019, 22:55:47] Loading
[INF][13.9.2019, 22:55:51] Loading Resource (//ajax.googleapis.com/ajax/libs/jquery/2.0.0/jquery.min.js)
[INF][13.9.2019, 22:55:51] Loading Resource (//cdn.staticaly.com/gh/rauenzi/BetterDiscordApp/45916aef50206a8fd7613224cc5d7e52d9f3ef0e/css/main.min.css)
[INF][13.9.2019, 22:55:51] Loading Resource (//cdn.staticaly.com/gh/rauenzi/BetterDiscordApp/45916aef50206a8fd7613224cc5d7e52d9f3ef0e/js/main.min.js)
[INF][13.9.2019, 22:55:51] Starting Up
[INF][13.9.2019, 23:00:44] Hooked dom-ready
[INF][13.9.2019, 23:00:44] Getting updater
[INF][13.9.2019, 23:00:44] Latest Version: 0.3.2
[INF][13.9.2019, 23:00:44] Getting commit hash
[INF][13.9.2019, 23:00:45] 45916aef50206a8fd7613224cc5d7e52d9f3ef0e
[INF][13.9.2019, 23:00:45] Using hash: 45916aef50206a8fd7613224cc5d7e52d9f3ef0e
[INF][13.9.2019, 23:00:45] Loading
[INF][13.9.2019, 23:00:48] Loading Resource (//ajax.googleapis.com/ajax/libs/jquery/2.0.0/jquery.min.js)
[INF][13.9.2019, 23:00:48] Loading Resource (//cdn.staticaly.com/gh/rauenzi/BetterDiscordApp/45916aef50206a8fd7613224cc5d7e52d9f3ef0e/css/main.min.css)
[INF][13.9.2019, 23:00:48] Loading Resource (//cdn.staticaly.com/gh/rauenzi/BetterDiscordApp/45916aef50206a8fd7613224cc5d7e52d9f3ef0e/js/main.min.js)
[INF][13.9.2019, 23:00:48] Starting Up
[INF][13.9.2019, 23:05:34] Hooked dom-ready
[INF][13.9.2019, 23:05:34] Getting updater
[INF][13.9.2019, 23:05:35] Latest Version: 0.3.2
[INF][13.9.2019, 23:05:35] Getting commit hash
[INF][13.9.2019, 23:05:35] 45916aef50206a8fd7613224cc5d7e52d9f3ef0e
[INF][13.9.2019, 23:05:35] Using hash: 45916aef50206a8fd7613224cc5d7e52d9f3ef0e
[INF][13.9.2019, 23:05:35] Loading
[INF][13.9.2019, 23:05:39] Loading Resource (//ajax.googleapis.com/ajax/libs/jquery/2.0.0/jquery.min.js)
[INF][13.9.2019, 23:05:39] Loading Resource (//cdn.staticaly.com/gh/rauenzi/BetterDiscordApp/45916aef50206a8fd7613224cc5d7e52d9f3ef0e/css/main.min.css)
[INF][13.9.2019, 23:05:39] Loading Resource (//cdn.staticaly.com/gh/rauenzi/BetterDiscordApp/45916aef50206a8fd7613224cc5d7e52d9f3ef0e/js/main.min.js)
[INF][13.9.2019, 23:05:39] Starting Up
[INF][13.9.2019, 23:09:55] Hooked dom-ready
[INF][13.9.2019, 23:09:55] Getting updater
[INF][13.9.2019, 23:09:56] Latest Version: 0.3.2
[INF][13.9.2019, 23:09:56] Getting commit hash
[INF][13.9.2019, 23:09:56] 45916aef50206a8fd7613224cc5d7e52d9f3ef0e
[INF][13.9.2019, 23:09:56] Using hash: 45916aef50206a8fd7613224cc5d7e52d9f3ef0e
[INF][13.9.2019, 23:09:56] Loading
[INF][13.9.2019, 23:09:59] Loading Resource (//ajax.googleapis.com/ajax/libs/jquery/2.0.0/jquery.min.js)
[INF][13.9.2019, 23:10:00] Loading Resource (//cdn.staticaly.com/gh/rauenzi/BetterDiscordApp/45916aef50206a8fd7613224cc5d7e52d9f3ef0e/css/main.min.css)
[INF][13.9.2019, 23:10:00] Loading Resource (//cdn.staticaly.com/gh/rauenzi/BetterDiscordApp/45916aef50206a8fd7613224cc5d7e52d9f3ef0e/js/main.min.js)
[INF][13.9.2019, 23:10:00] Starting Up
[INF][13.9.2019, 23:12:08] Hooked dom-ready
[INF][13.9.2019, 23:12:08] Getting updater
[INF][13.9.2019, 23:12:08] Latest Version: 0.3.2
[INF][13.9.2019, 23:12:08] Getting commit hash
[INF][13.9.2019, 23:12:09] 45916aef50206a8fd7613224cc5d7e52d9f3ef0e
[INF][13.9.2019, 23:12:09] Using hash: 45916aef50206a8fd7613224cc5d7e52d9f3ef0e
[INF][13.9.2019, 23:12:09] Loading
[INF][13.9.2019, 23:12:12] Loading Resource (//ajax.googleapis.com/ajax/libs/jquery/2.0.0/jquery.min.js)
[INF][13.9.2019, 23:12:12] Loading Resource (//cdn.staticaly.com/gh/rauenzi/BetterDiscordApp/45916aef50206a8fd7613224cc5d7e52d9f3ef0e/css/main.min.css)
[INF][13.9.2019, 23:12:12] Loading Resource (//cdn.staticaly.com/gh/rauenzi/BetterDiscordApp/45916aef50206a8fd7613224cc5d7e52d9f3ef0e/js/main.min.js)
[INF][13.9.2019, 23:12:12] Starting Up
[INF][13.9.2019, 23:18:03] Hooked dom-ready
[INF][13.9.2019, 23:18:03] Getting updater
[INF][13.9.2019, 23:18:03] Latest Version: 0.3.2
[INF][13.9.2019, 23:18:03] Getting commit hash
[INF][13.9.2019, 23:18:04] 45916aef50206a8fd7613224cc5d7e52d9f3ef0e
[INF][13.9.2019, 23:18:04] Using hash: 45916aef50206a8fd7613224cc5d7e52d9f3ef0e
[INF][13.9.2019, 23:18:04] Loading
[INF][13.9.2019, 23:18:07] Loading Resource (//ajax.googleapis.com/ajax/libs/jquery/2.0.0/jquery.min.js)
[INF][13.9.2019, 23:18:07] Loading Resource (//cdn.staticaly.com/gh/rauenzi/BetterDiscordApp/45916aef50206a8fd7613224cc5d7e52d9f3ef0e/css/main.min.css)
[INF][13.9.2019, 23:18:07] Loading Resource (//cdn.staticaly.com/gh/rauenzi/BetterDiscordApp/45916aef50206a8fd7613224cc5d7e52d9f3ef0e/js/main.min.js)
[INF][13.9.2019, 23:18:07] Starting Up
[INF][13.9.2019, 23:18:33] Hooked dom-ready
[INF][13.9.2019, 23:18:33] Getting updater
[INF][13.9.2019, 23:18:33] Latest Version: 0.3.2
[INF][13.9.2019, 23:18:33] Getting commit hash
[INF][13.9.2019, 23:18:34] 45916aef50206a8fd7613224cc5d7e52d9f3ef0e
[INF][13.9.2019, 23:18:34] Using hash: 45916aef50206a8fd7613224cc5d7e52d9f3ef0e
[INF][13.9.2019, 23:18:34] Loading
[INF][13.9.2019, 23:18:37] Loading Resource (//ajax.googleapis.com/ajax/libs/jquery/2.0.0/jquery.min.js)
[INF][13.9.2019, 23:18:37] Loading Resource (//cdn.staticaly.com/gh/rauenzi/BetterDiscordApp/45916aef50206a8fd7613224cc5d7e52d9f3ef0e/css/main.min.css)
[INF][13.9.2019, 23:18:37] Loading Resource (//cdn.staticaly.com/gh/rauenzi/BetterDiscordApp/45916aef50206a8fd7613224cc5d7e52d9f3ef0e/js/main.min.js)
[INF][13.9.2019, 23:18:38] Starting Up
[INF][13.9.2019, 23:19:59] Hooked dom-ready
[INF][13.9.2019, 23:19:59] Getting updater
[INF][13.9.2019, 23:19:59] Latest Version: 0.3.2
[INF][13.9.2019, 23:19:59] Getting commit hash
[INF][13.9.2019, 23:20:00] 45916aef50206a8fd7613224cc5d7e52d9f3ef0e
[INF][13.9.2019, 23:20:00] Using hash: 45916aef50206a8fd7613224cc5d7e52d9f3ef0e
[INF][13.9.2019, 23:20:00] Loading
[INF][13.9.2019, 23:20:04] Loading Resource (//ajax.googleapis.com/ajax/libs/jquery/2.0.0/jquery.min.js)
[INF][13.9.2019, 23:20:04] Loading Resource (//cdn.staticaly.com/gh/rauenzi/BetterDiscordApp/45916aef50206a8fd7613224cc5d7e52d9f3ef0e/css/main.min.css)
[INF][13.9.2019, 23:20:04] Loading Resource (//cdn.staticaly.com/gh/rauenzi/BetterDiscordApp/45916aef50206a8fd7613224cc5d7e52d9f3ef0e/js/main.min.js)
[INF][13.9.2019, 23:20:04] Starting Up
[INF][13.9.2019, 23:21:56] Hooked dom-ready
[INF][13.9.2019, 23:21:56] Getting updater
[INF][13.9.2019, 23:21:56] Latest Version: 0.3.2
[INF][13.9.2019, 23:21:56] Getting commit hash
[INF][13.9.2019, 23:21:57] 45916aef50206a8fd7613224cc5d7e52d9f3ef0e
[INF][13.9.2019, 23:21:57] Using hash: 45916aef50206a8fd7613224cc5d7e52d9f3ef0e
[INF][13.9.2019, 23:21:57] Loading
[INF][13.9.2019, 23:22:01] Loading Resource (//ajax.googleapis.com/ajax/libs/jquery/2.0.0/jquery.min.js)
[INF][13.9.2019, 23:22:01] Loading Resource (//cdn.staticaly.com/gh/rauenzi/BetterDiscordApp/45916aef50206a8fd7613224cc5d7e52d9f3ef0e/css/main.min.css)
[INF][13.9.2019, 23:22:01] Loading Resource (//cdn.staticaly.com/gh/rauenzi/BetterDiscordApp/45916aef50206a8fd7613224cc5d7e52d9f3ef0e/js/main.min.js)
[INF][13.9.2019, 23:22:01] Starting Up
[INF][13.9.2019, 23:22:31] Hooked dom-ready
[INF][13.9.2019, 23:22:31] Getting updater
[INF][13.9.2019, 23:22:31] Latest Version: 0.3.2
[INF][13.9.2019, 23:22:31] Getting commit hash
[INF][13.9.2019, 23:22:32] 45916aef50206a8fd7613224cc5d7e52d9f3ef0e
[INF][13.9.2019, 23:22:32] Using hash: 45916aef50206a8fd7613224cc5d7e52d9f3ef0e
[INF][13.9.2019, 23:22:32] Loading
[INF][13.9.2019, 23:22:35] Loading Resource (//ajax.googleapis.com/ajax/libs/jquery/2.0.0/jquery.min.js)
[INF][13.9.2019, 23:22:35] Loading Resource (//cdn.staticaly.com/gh/rauenzi/BetterDiscordApp/45916aef50206a8fd7613224cc5d7e52d9f3ef0e/css/main.min.css)
[INF][13.9.2019, 23:22:35] Loading Resource (//cdn.staticaly.com/gh/rauenzi/BetterDiscordApp/45916aef50206a8fd7613224cc5d7e52d9f3ef0e/js/main.min.js)
[INF][13.9.2019, 23:22:35] Starting Up
[INF][13.9.2019, 23:24:37] Hooked dom-ready
[INF][13.9.2019, 23:24:37] Getting updater
[INF][13.9.2019, 23:24:38] Latest Version: 0.3.2
[INF][13.9.2019, 23:24:38] Getting commit hash
[INF][13.9.2019, 23:24:39] 45916aef50206a8fd7613224cc5d7e52d9f3ef0e
[INF][13.9.2019, 23:24:39] Using hash: 45916aef50206a8fd7613224cc5d7e52d9f3ef0e
[INF][13.9.2019, 23:24:39] Loading
[INF][13.9.2019, 23:24:42] Loading Resource (//ajax.googleapis.com/ajax/libs/jquery/2.0.0/jquery.min.js)
[INF][13.9.2019, 23:24:42] Loading Resource (//cdn.staticaly.com/gh/rauenzi/BetterDiscordApp/45916aef50206a8fd7613224cc5d7e52d9f3ef0e/css/main.min.css)
[INF][13.9.2019, 23:24:42] Loading Resource (//cdn.staticaly.com/gh/rauenzi/BetterDiscordApp/45916aef50206a8fd7613224cc5d7e52d9f3ef0e/js/main.min.js)
[INF][13.9.2019, 23:24:42] Starting Up
[INF][13.9.2019, 23:27:49] Hooked dom-ready
[INF][13.9.2019, 23:27:49] Getting updater
[INF][13.9.2019, 23:27:49] Latest Version: 0.3.2
[INF][13.9.2019, 23:27:49] Getting commit hash
[INF][13.9.2019, 23:27:50] 45916aef50206a8fd7613224cc5d7e52d9f3ef0e
[INF][13.9.2019, 23:27:50] Using hash: 45916aef50206a8fd7613224cc5d7e52d9f3ef0e
[INF][13.9.2019, 23:27:50] Loading
[INF][13.9.2019, 23:27:55] Loading Resource (//ajax.googleapis.com/ajax/libs/jquery/2.0.0/jquery.min.js)
[INF][13.9.2019, 23:27:55] Loading Resource (//cdn.staticaly.com/gh/rauenzi/BetterDiscordApp/45916aef50206a8fd7613224cc5d7e52d9f3ef0e/css/main.min.css)
[INF][13.9.2019, 23:27:55] Loading Resource (//cdn.staticaly.com/gh/rauenzi/BetterDiscordApp/45916aef50206a8fd7613224cc5d7e52d9f3ef0e/js/main.min.js)
[INF][13.9.2019, 23:27:55] Starting Up
[INF][13.9.2019, 23:28:40] Hooked dom-ready
[INF][13.9.2019, 23:28:40] Getting updater
[INF][13.9.2019, 23:28:40] Latest Version: 0.3.2
[INF][13.9.2019, 23:28:40] Getting commit hash
[INF][13.9.2019, 23:28:41] 45916aef50206a8fd7613224cc5d7e52d9f3ef0e
[INF][13.9.2019, 23:28:41] Using hash: 45916aef50206a8fd7613224cc5d7e52d9f3ef0e
[INF][13.9.2019, 23:28:41] Loading
[INF][13.9.2019, 23:28:44] Loading Resource (//ajax.googleapis.com/ajax/libs/jquery/2.0.0/jquery.min.js)
[INF][13.9.2019, 23:28:44] Loading Resource (//cdn.staticaly.com/gh/rauenzi/BetterDiscordApp/45916aef50206a8fd7613224cc5d7e52d9f3ef0e/css/main.min.css)
[INF][13.9.2019, 23:28:44] Loading Resource (//cdn.staticaly.com/gh/rauenzi/BetterDiscordApp/45916aef50206a8fd7613224cc5d7e52d9f3ef0e/js/main.min.js)
[INF][13.9.2019, 23:28:44] Starting Up
[INF][13.9.2019, 23:32:23] Hooked dom-ready
[INF][13.9.2019, 23:32:23] Getting updater
[INF][13.9.2019, 23:32:24] Latest Version: 0.3.2
[INF][13.9.2019, 23:32:24] Getting commit hash
[INF][13.9.2019, 23:32:25] 45916aef50206a8fd7613224cc5d7e52d9f3ef0e
[INF][13.9.2019, 23:32:25] Using hash: 45916aef50206a8fd7613224cc5d7e52d9f3ef0e
[INF][13.9.2019, 23:32:25] Loading
[INF][13.9.2019, 23:32:28] Loading Resource (//ajax.googleapis.com/ajax/libs/jquery/2.0.0/jquery.min.js)
[INF][13.9.2019, 23:32:28] Loading Resource (//cdn.staticaly.com/gh/rauenzi/BetterDiscordApp/45916aef50206a8fd7613224cc5d7e52d9f3ef0e/css/main.min.css)
[INF][13.9.2019, 23:32:28] Loading Resource (//cdn.staticaly.com/gh/rauenzi/BetterDiscordApp/45916aef50206a8fd7613224cc5d7e52d9f3ef0e/js/main.min.js)
[INF][13.9.2019, 23:32:28] Starting Up
[INF][13.9.2019, 23:33:48] Hooked dom-ready
[INF][13.9.2019, 23:33:48] Getting updater
[INF][13.9.2019, 23:33:48] Latest Version: 0.3.2
[INF][13.9.2019, 23:33:48] Getting commit hash
[INF][13.9.2019, 23:33:49] 45916aef50206a8fd7613224cc5d7e52d9f3ef0e
[INF][13.9.2019, 23:33:49] Using hash: 45916aef50206a8fd7613224cc5d7e52d9f3ef0e
[INF][13.9.2019, 23:33:49] Loading
[INF][13.9.2019, 23:33:53] Loading Resource (//ajax.googleapis.com/ajax/libs/jquery/2.0.0/jquery.min.js)
[INF][13.9.2019, 23:33:53] Loading Resource (//cdn.staticaly.com/gh/rauenzi/BetterDiscordApp/45916aef50206a8fd7613224cc5d7e52d9f3ef0e/css/main.min.css)
[INF][13.9.2019, 23:33:53] Loading Resource (//cdn.staticaly.com/gh/rauenzi/BetterDiscordApp/45916aef50206a8fd7613224cc5d7e52d9f3ef0e/js/main.min.js)
[INF][13.9.2019, 23:33:53] Starting Up
[INF][13.9.2019, 23:35:27] Hooked dom-ready
[INF][13.9.2019, 23:35:27] Getting updater
[INF][13.9.2019, 23:35:27] Latest Version: 0.3.2
[INF][13.9.2019, 23:35:27] Getting commit hash
[INF][13.9.2019, 23:35:29] 45916aef50206a8fd7613224cc5d7e52d9f3ef0e
[INF][13.9.2019, 23:35:29] Using hash: 45916aef50206a8fd7613224cc5d7e52d9f3ef0e
[INF][13.9.2019, 23:35:29] Loading
[INF][13.9.2019, 23:35:32] Loading Resource (//ajax.googleapis.com/ajax/libs/jquery/2.0.0/jquery.min.js)
[INF][13.9.2019, 23:35:32] Loading Resource (//cdn.staticaly.com/gh/rauenzi/BetterDiscordApp/45916aef50206a8fd7613224cc5d7e52d9f3ef0e/css/main.min.css)
[INF][13.9.2019, 23:35:32] Loading Resource (//cdn.staticaly.com/gh/rauenzi/BetterDiscordApp/45916aef50206a8fd7613224cc5d7e52d9f3ef0e/js/main.min.js)
[INF][13.9.2019, 23:35:33] Starting Up
[INF][13.9.2019, 23:40:57] Hooked dom-ready
[INF][13.9.2019, 23:40:57] Getting updater
[INF][13.9.2019, 23:40:57] Latest Version: 0.3.2
[INF][13.9.2019, 23:40:57] Getting commit hash
[INF][13.9.2019, 23:40:58] 45916aef50206a8fd7613224cc5d7e52d9f3ef0e
[INF][13.9.2019, 23:40:58] Using hash: 45916aef50206a8fd7613224cc5d7e52d9f3ef0e
[INF][13.9.2019, 23:40:58] Loading
[INF][13.9.2019, 23:41:02] Loading Resource (//ajax.googleapis.com/ajax/libs/jquery/2.0.0/jquery.min.js)
[INF][13.9.2019, 23:41:02] Loading Resource (//cdn.staticaly.com/gh/rauenzi/BetterDiscordApp/45916aef50206a8fd7613224cc5d7e52d9f3ef0e/css/main.min.css)
[INF][13.9.2019, 23:41:02] Loading Resource (//cdn.staticaly.com/gh/rauenzi/BetterDiscordApp/45916aef50206a8fd7613224cc5d7e52d9f3ef0e/js/main.min.js)
[INF][13.9.2019, 23:41:02] Starting Up
[INF][13.9.2019, 23:44:15] Hooked dom-ready
[INF][13.9.2019, 23:44:15] Getting updater
[INF][13.9.2019, 23:44:15] Latest Version: 0.3.2
[INF][13.9.2019, 23:44:15] Getting commit hash
[INF][13.9.2019, 23:44:16] 45916aef50206a8fd7613224cc5d7e52d9f3ef0e
[INF][13.9.2019, 23:44:16] Using hash: 45916aef50206a8fd7613224cc5d7e52d9f3ef0e
[INF][13.9.2019, 23:44:16] Loading
[INF][13.9.2019, 23:44:19] Loading Resource (//ajax.googleapis.com/ajax/libs/jquery/2.0.0/jquery.min.js)
[INF][13.9.2019, 23:44:19] Loading Resource (//cdn.staticaly.com/gh/rauenzi/BetterDiscordApp/45916aef50206a8fd7613224cc5d7e52d9f3ef0e/css/main.min.css)
[INF][13.9.2019, 23:44:19] Loading Resource (//cdn.staticaly.com/gh/rauenzi/BetterDiscordApp/45916aef50206a8fd7613224cc5d7e52d9f3ef0e/js/main.min.js)
[INF][13.9.2019, 23:44:21] Starting Up
[INF][13.9.2019, 23:45:09] Hooked dom-ready
[INF][13.9.2019, 23:45:09] Getting updater
[INF][13.9.2019, 23:45:09] Latest Version: 0.3.2
[INF][13.9.2019, 23:45:09] Getting commit hash
[INF][13.9.2019, 23:45:10] 45916aef50206a8fd7613224cc5d7e52d9f3ef0e
[INF][13.9.2019, 23:45:10] Using hash: 45916aef50206a8fd7613224cc5d7e52d9f3ef0e
[INF][13.9.2019, 23:45:10] Loading
[INF][13.9.2019, 23:45:13] Loading Resource (//ajax.googleapis.com/ajax/libs/jquery/2.0.0/jquery.min.js)
[INF][13.9.2019, 23:45:13] Loading Resource (//cdn.staticaly.com/gh/rauenzi/BetterDiscordApp/45916aef50206a8fd7613224cc5d7e52d9f3ef0e/css/main.min.css)
[INF][13.9.2019, 23:45:13] Loading Resource (//cdn.staticaly.com/gh/rauenzi/BetterDiscordApp/45916aef50206a8fd7613224cc5d7e52d9f3ef0e/js/main.min.js)
[INF][13.9.2019, 23:45:13] Starting Up
[INF][13.9.2019, 23:45:57] Hooked dom-ready
[INF][13.9.2019, 23:45:57] Getting updater
[INF][13.9.2019, 23:45:57] Latest Version: 0.3.2
[INF][13.9.2019, 23:45:57] Getting commit hash
[INF][13.9.2019, 23:45:57] 45916aef50206a8fd7613224cc5d7e52d9f3ef0e
[INF][13.9.2019, 23:45:57] Using hash: 45916aef50206a8fd7613224cc5d7e52d9f3ef0e
[INF][13.9.2019, 23:45:57] Loading
[INF][13.9.2019, 23:46:01] Loading Resource (//ajax.googleapis.com/ajax/libs/jquery/2.0.0/jquery.min.js)
[INF][13.9.2019, 23:46:01] Loading Resource (//cdn.staticaly.com/gh/rauenzi/BetterDiscordApp/45916aef50206a8fd7613224cc5d7e52d9f3ef0e/css/main.min.css)
[INF][13.9.2019, 23:46:01] Loading Resource (//cdn.staticaly.com/gh/rauenzi/BetterDiscordApp/45916aef50206a8fd7613224cc5d7e52d9f3ef0e/js/main.min.js)
[INF][13.9.2019, 23:46:01] Starting Up
[INF][13.9.2019, 23:47:48] Hooked dom-ready
[INF][13.9.2019, 23:47:48] Getting updater
[INF][13.9.2019, 23:47:48] Latest Version: 0.3.2
[INF][13.9.2019, 23:47:48] Getting commit hash
[INF][13.9.2019, 23:47:49] 45916aef50206a8fd7613224cc5d7e52d9f3ef0e
[INF][13.9.2019, 23:47:49] Using hash: 45916aef50206a8fd7613224cc5d7e52d9f3ef0e
[INF][13.9.2019, 23:47:49] Loading
[INF][13.9.2019, 23:47:52] Loading Resource (//ajax.googleapis.com/ajax/libs/jquery/2.0.0/jquery.min.js)
[INF][13.9.2019, 23:47:52] Loading Resource (//cdn.staticaly.com/gh/rauenzi/BetterDiscordApp/45916aef50206a8fd7613224cc5d7e52d9f3ef0e/css/main.min.css)
[INF][13.9.2019, 23:47:52] Loading Resource (//cdn.staticaly.com/gh/rauenzi/BetterDiscordApp/45916aef50206a8fd7613224cc5d7e52d9f3ef0e/js/main.min.js)
[INF][13.9.2019, 23:47:52] Starting Up
[INF][13.9.2019, 23:49:22] Hooked dom-ready
[INF][13.9.2019, 23:49:22] Getting updater
[INF][13.9.2019, 23:49:22] Latest Version: 0.3.2
[INF][13.9.2019, 23:49:22] Getting commit hash
[INF][13.9.2019, 23:49:23] 45916aef50206a8fd7613224cc5d7e52d9f3ef0e
[INF][13.9.2019, 23:49:23] Using hash: 45916aef50206a8fd7613224cc5d7e52d9f3ef0e
[INF][13.9.2019, 23:49:23] Loading
[INF][13.9.2019, 23:49:27] Loading Resource (//ajax.googleapis.com/ajax/libs/jquery/2.0.0/jquery.min.js)
[INF][13.9.2019, 23:49:27] Loading Resource (//cdn.staticaly.com/gh/rauenzi/BetterDiscordApp/45916aef50206a8fd7613224cc5d7e52d9f3ef0e/css/main.min.css)
[INF][13.9.2019, 23:49:27] Loading Resource (//cdn.staticaly.com/gh/rauenzi/BetterDiscordApp/45916aef50206a8fd7613224cc5d7e52d9f3ef0e/js/main.min.js)
[INF][13.9.2019, 23:49:27] Starting Up
[INF][13.9.2019, 23:50:28] Hooked dom-ready
[INF][13.9.2019, 23:50:28] Getting updater
[INF][13.9.2019, 23:50:28] Latest Version: 0.3.2
[INF][13.9.2019, 23:50:28] Getting commit hash
[INF][13.9.2019, 23:50:29] 45916aef50206a8fd7613224cc5d7e52d9f3ef0e
[INF][13.9.2019, 23:50:29] Using hash: 45916aef50206a8fd7613224cc5d7e52d9f3ef0e
[INF][13.9.2019, 23:50:29] Loading
[INF][13.9.2019, 23:50:32] Loading Resource (//ajax.googleapis.com/ajax/libs/jquery/2.0.0/jquery.min.js)
[INF][13.9.2019, 23:50:32] Loading Resource (//cdn.staticaly.com/gh/rauenzi/BetterDiscordApp/45916aef50206a8fd7613224cc5d7e52d9f3ef0e/css/main.min.css)
[INF][13.9.2019, 23:50:34] Loading Resource (//cdn.staticaly.com/gh/rauenzi/BetterDiscordApp/45916aef50206a8fd7613224cc5d7e52d9f3ef0e/js/main.min.js)
[INF][13.9.2019, 23:50:34] Starting Up
[INF][13.9.2019, 23:52:03] Hooked dom-ready
[INF][13.9.2019, 23:52:03] Getting updater
[INF][13.9.2019, 23:52:03] Latest Version: 0.3.2
[INF][13.9.2019, 23:52:03] Getting commit hash
[INF][13.9.2019, 23:52:04] 45916aef50206a8fd7613224cc5d7e52d9f3ef0e
[INF][13.9.2019, 23:52:04] Using hash: 45916aef50206a8fd7613224cc5d7e52d9f3ef0e
[INF][13.9.2019, 23:52:04] Loading
[INF][13.9.2019, 23:52:07] Loading Resource (//ajax.googleapis.com/ajax/libs/jquery/2.0.0/jquery.min.js)
[INF][13.9.2019, 23:52:07] Loading Resource (//cdn.staticaly.com/gh/rauenzi/BetterDiscordApp/45916aef50206a8fd7613224cc5d7e52d9f3ef0e/css/main.min.css)
[INF][13.9.2019, 23:52:07] Loading Resource (//cdn.staticaly.com/gh/rauenzi/BetterDiscordApp/45916aef50206a8fd7613224cc5d7e52d9f3ef0e/js/main.min.js)
[INF][13.9.2019, 23:52:07] Starting Up
[INF][13.9.2019, 23:54:11] Hooked dom-ready
[INF][13.9.2019, 23:54:11] Getting updater
[INF][13.9.2019, 23:54:11] Latest Version: 0.3.2
[INF][13.9.2019, 23:54:11] Getting commit hash
[INF][13.9.2019, 23:54:12] 45916aef50206a8fd7613224cc5d7e52d9f3ef0e
[INF][13.9.2019, 23:54:12] Using hash: 45916aef50206a8fd7613224cc5d7e52d9f3ef0e
[INF][13.9.2019, 23:54:12] Loading
[INF][13.9.2019, 23:54:15] Loading Resource (//ajax.googleapis.com/ajax/libs/jquery/2.0.0/jquery.min.js)
[INF][13.9.2019, 23:54:15] Loading Resource (//cdn.staticaly.com/gh/rauenzi/BetterDiscordApp/45916aef50206a8fd7613224cc5d7e52d9f3ef0e/css/main.min.css)
[INF][13.9.2019, 23:54:15] Loading Resource (//cdn.staticaly.com/gh/rauenzi/BetterDiscordApp/45916aef50206a8fd7613224cc5d7e52d9f3ef0e/js/main.min.js)
[INF][13.9.2019, 23:54:15] Starting Up
[INF][13.9.2019, 23:55:49] Hooked dom-ready
[INF][13.9.2019, 23:55:49] Getting updater
[INF][13.9.2019, 23:55:50] Latest Version: 0.3.2
[INF][13.9.2019, 23:55:50] Getting commit hash
[INF][13.9.2019, 23:55:50] 45916aef50206a8fd7613224cc5d7e52d9f3ef0e
[INF][13.9.2019, 23:55:50] Using hash: 45916aef50206a8fd7613224cc5d7e52d9f3ef0e
[INF][13.9.2019, 23:55:50] Loading
[INF][13.9.2019, 23:55:53] Loading Resource (//ajax.googleapis.com/ajax/libs/jquery/2.0.0/jquery.min.js)
[INF][13.9.2019, 23:55:53] Loading Resource (//cdn.staticaly.com/gh/rauenzi/BetterDiscordApp/45916aef50206a8fd7613224cc5d7e52d9f3ef0e/css/main.min.css)
[INF][13.9.2019, 23:55:53] Loading Resource (//cdn.staticaly.com/gh/rauenzi/BetterDiscordApp/45916aef50206a8fd7613224cc5d7e52d9f3ef0e/js/main.min.js)
[INF][13.9.2019, 23:55:53] Starting Up
[INF][13.9.2019, 23:57:17] Hooked dom-ready
[INF][13.9.2019, 23:57:17] Getting updater
[INF][13.9.2019, 23:57:17] Latest Version: 0.3.2
[INF][13.9.2019, 23:57:17] Getting commit hash
[INF][13.9.2019, 23:57:18] 45916aef50206a8fd7613224cc5d7e52d9f3ef0e
[INF][13.9.2019, 23:57:18] Using hash: 45916aef50206a8fd7613224cc5d7e52d9f3ef0e
[INF][13.9.2019, 23:57:18] Loading
[INF][13.9.2019, 23:57:21] Loading Resource (//ajax.googleapis.com/ajax/libs/jquery/2.0.0/jquery.min.js)
[INF][13.9.2019, 23:57:21] Loading Resource (//cdn.staticaly.com/gh/rauenzi/BetterDiscordApp/45916aef50206a8fd7613224cc5d7e52d9f3ef0e/css/main.min.css)
[INF][13.9.2019, 23:57:21] Loading Resource (//cdn.staticaly.com/gh/rauenzi/BetterDiscordApp/45916aef50206a8fd7613224cc5d7e52d9f3ef0e/js/main.min.js)
[INF][13.9.2019, 23:57:21] Starting Up
